0 info it worked if it ends with ok
1 verbose cli [ '/usr/bin/node', '/usr/bin/npm', 'start' ]
2 info using npm@3.9.5
3 info using node@v6.2.1
4 verbose run-script [ 'prestart', 'start', 'poststart' ]
5 info lifecycle @tombatossals/uji-bootstrap-tools@1.0.0~prestart: @tombatossals/uji-bootstrap-tools@1.0.0
6 silly lifecycle @tombatossals/uji-bootstrap-tools@1.0.0~prestart: no script for prestart, continuing
7 info lifecycle @tombatossals/uji-bootstrap-tools@1.0.0~start: @tombatossals/uji-bootstrap-tools@1.0.0
8 verbose lifecycle @tombatossals/uji-bootstrap-tools@1.0.0~start: unsafe-perm in lifecycle true
9 verbose lifecycle @tombatossals/uji-bootstrap-tools@1.0.0~start: PATH: /usr/lib/node_modules/npm/bin/node-gyp-bin:/opt/devel/workspaces/uji/bootstrap/node_modules/.bin:/usr/bin:/home/dave/bin/Sencha/Cmd/6.1.2.15/..:/opt/devel/sdk/jdk1.8.0_65/bin:/opt/devel/tools/apache-maven-3.3.3/bin/:/usr/local/sbin:/usr/local/bin:/usr/bin:/opt/android-sdk/platform-tools:/opt/cuda/bin:/usr/lib/jvm/default/bin:/usr/bin/site_perl:/usr/bin/vendor_perl:/usr/bin/core_perl:/home/dave/.gem/ruby/2.2.0/:/opt/android-sdk/platform-tools/:/home/dave/go/bin:/home/dave/.gem/ruby/2.2.0/bin
10 verbose lifecycle @tombatossals/uji-bootstrap-tools@1.0.0~start: CWD: /opt/devel/workspaces/uji/bootstrap
11 silly lifecycle @tombatossals/uji-bootstrap-tools@1.0.0~start: Args: [ '-c', 'babel-node bootstrap.js' ]
12 silly lifecycle @tombatossals/uji-bootstrap-tools@1.0.0~start: Returned: code: 1  signal: null
13 info lifecycle @tombatossals/uji-bootstrap-tools@1.0.0~start: Failed to exec start script
14 verbose stack Error: @tombatossals/uji-bootstrap-tools@1.0.0 start: `babel-node bootstrap.js`
14 verbose stack Exit status 1
14 verbose stack     at EventEmitter.<anonymous> (/usr/lib/node_modules/npm/lib/utils/lifecycle.js:245:16)
14 verbose stack     at emitTwo (events.js:106:13)
14 verbose stack     at EventEmitter.emit (events.js:191:7)
14 verbose stack     at ChildProcess.<anonymous> (/usr/lib/node_modules/npm/lib/utils/spawn.js:24:14)
14 verbose stack     at emitTwo (events.js:106:13)
14 verbose stack     at ChildProcess.emit (events.js:191:7)
14 verbose stack     at maybeClose (internal/child_process.js:852:16)
14 verbose stack     at Process.ChildProcess._handle.onexit (internal/child_process.js:215:5)
15 verbose pkgid @tombatossals/uji-bootstrap-tools@1.0.0
16 verbose cwd /opt/devel/workspaces/uji/bootstrap/lib
17 error Linux 4.5.4-1-ARCH
18 error argv "/usr/bin/node" "/usr/bin/npm" "start"
19 error node v6.2.1
20 error npm  v3.9.5
21 error code ELIFECYCLE
22 error @tombatossals/uji-bootstrap-tools@1.0.0 start: `babel-node bootstrap.js`
22 error Exit status 1
23 error Failed at the @tombatossals/uji-bootstrap-tools@1.0.0 start script 'babel-node bootstrap.js'.
23 error Make sure you have the latest version of node.js and npm installed.
23 error If you do, this is most likely a problem with the @tombatossals/uji-bootstrap-tools package,
23 error not with npm itself.
23 error Tell the author that this fails on your system:
23 error     babel-node bootstrap.js
23 error You can get information on how to open an issue for this project with:
23 error     npm bugs @tombatossals/uji-bootstrap-tools
23 error Or if that isn't available, you can get their info via:
23 error     npm owner ls @tombatossals/uji-bootstrap-tools
23 error There is likely additional logging output above.
24 verbose exit [ 1, true ]
